[debug] [2025-03-05T20:36:24.500Z] ----------------------------------------------------------------------
[debug] [2025-03-05T20:36:24.503Z] Command:       C:\Users\Liv\DOWNLO~1\firebase-tools-instant-win.exe C:\Users\Liv\.cache\firebase\tools\lib\node_modules\firebase-tools\lib\bin\firebase init
[debug] [2025-03-05T20:36:24.504Z] CLI Version:   13.32.0
[debug] [2025-03-05T20:36:24.504Z] Platform:      win32
[debug] [2025-03-05T20:36:24.504Z] Node Version:  v18.5.0
[debug] [2025-03-05T20:36:24.505Z] Time:          Wed Mar 05 2025 15:36:24 GMT-0500 (Eastern Standard Time)
[debug] [2025-03-05T20:36:24.506Z] ----------------------------------------------------------------------
[debug] 
[debug] [2025-03-05T20:36:24.519Z] > command requires scopes: ["email","openid","https://www.googleapis.com/auth/cloudplatformprojects.readonly","https://www.googleapis.com/auth/firebase","https://www.googleapis.com/auth/cloud-platform"]
[debug] [2025-03-05T20:36:24.520Z] > authorizing via signed-in user (oliviacarr2021@gmail.com)
[info] 
     ######## #### ########  ######## ########     ###     ######  ########
     ##        ##  ##     ## ##       ##     ##  ##   ##  ##       ##
     ######    ##  ########  ######   ########  #########  ######  ######
     ##        ##  ##    ##  ##       ##     ## ##     ##       ## ##
     ##       #### ##     ## ######## ########  ##     ##  ######  ########

You're about to initialize a Firebase project in this directory:

  C:\Users\Liv\AndroidStudioProjects\Express

[info] 
=== Project Setup
[info] 
[info] First, let's associate this project directory with a Firebase project.
[info] You can create multiple project aliases by running firebase use --add, 
[info] but for now we'll just set up a default project.
[info] 
[debug] [2025-03-05T20:43:57.915Z] Checked if tokens are valid: true, expires at: 1741209929025
[debug] [2025-03-05T20:43:57.915Z] Checked if tokens are valid: true, expires at: 1741209929025
[debug] [2025-03-05T20:43:57.919Z] >>> [apiv2][query] GET https://firebase.googleapis.com/v1beta1/projects pageSize=100
[debug] [2025-03-05T20:43:58.481Z] <<< [apiv2][status] GET https://firebase.googleapis.com/v1beta1/projects 200
[debug] [2025-03-05T20:43:58.482Z] <<< [apiv2][body] GET https://firebase.googleapis.com/v1beta1/projects [omitted]
[info] i  Using project express-450719 (Express) 
[info] 
=== Firestore Setup
[debug] [2025-03-05T20:44:00.341Z] Checked if tokens are valid: true, expires at: 1741209929025
[debug] [2025-03-05T20:44:00.341Z] Checked if tokens are valid: true, expires at: 1741209929025
[debug] [2025-03-05T20:44:00.341Z] >>> [apiv2][query] GET https://serviceusage.googleapis.com/v1/projects/express-450719/services/firestore.googleapis.com [none]
[debug] [2025-03-05T20:44:00.341Z] >>> [apiv2][(partial)header] GET https://serviceusage.googleapis.com/v1/projects/express-450719/services/firestore.googleapis.com x-goog-quota-user=projects/express-450719
[debug] [2025-03-05T20:44:00.941Z] <<< [apiv2][status] GET https://serviceusage.googleapis.com/v1/projects/express-450719/services/firestore.googleapis.com 200
[debug] [2025-03-05T20:44:00.942Z] <<< [apiv2][body] GET https://serviceusage.googleapis.com/v1/projects/express-450719/services/firestore.googleapis.com [omitted]
[debug] [2025-03-05T20:44:00.943Z] Checked if tokens are valid: true, expires at: 1741209929025
[debug] [2025-03-05T20:44:00.943Z] Checked if tokens are valid: true, expires at: 1741209929025
[debug] [2025-03-05T20:44:00.943Z] >>> [apiv2][query] GET https://firestore.googleapis.com/v1/projects/express-450719/databases/(default) [none]
[debug] [2025-03-05T20:44:01.157Z] <<< [apiv2][status] GET https://firestore.googleapis.com/v1/projects/express-450719/databases/(default) 404
[debug] [2025-03-05T20:44:01.158Z] <<< [apiv2][body] GET https://firestore.googleapis.com/v1/projects/express-450719/databases/(default) {"error":{"code":404,"message":"Project 'express-450719' or database '(default)' does not exist.","status":"NOT_FOUND"}}
[debug] [2025-03-05T20:44:01.159Z] error getting database type:  Request to https://firestore.googleapis.com/v1/projects/express-450719/databases/(default) had HTTP Error: 404, Project 'express-450719' or database '(default)' does not exist. {"name":"FirebaseError","children":[],"context":{"body":{"error":{"code":404,"message":"Project 'express-450719' or database '(default)' does not exist.","status":"NOT_FOUND"}},"response":{"statusCode":404}},"exit":1,"message":"Request to https://firestore.googleapis.com/v1/projects/express-450719/databases/(default) had HTTP Error: 404, Project 'express-450719' or database '(default)' does not exist.","status":404}
[info] (default) does not exist in project express-450719.
[debug] [2025-03-05T20:44:01.160Z] database_type: DATABASE_DOES_NOT_EXIST
[debug] [2025-03-05T20:52:06.911Z] Checked if tokens are valid: true, expires at: 1741209929025
[debug] [2025-03-05T20:52:06.911Z] Checked if tokens are valid: true, expires at: 1741209929025
[debug] [2025-03-05T20:52:06.912Z] >>> [apiv2][query] GET https://firestore.googleapis.com/v1/projects/express-450719/databases/(default) [none]
[debug] [2025-03-05T20:52:07.099Z] <<< [apiv2][status] GET https://firestore.googleapis.com/v1/projects/express-450719/databases/(default) 404
[debug] [2025-03-05T20:52:07.100Z] <<< [apiv2][body] GET https://firestore.googleapis.com/v1/projects/express-450719/databases/(default) {"error":{"code":404,"message":"Project 'express-450719' or database '(default)' does not exist.","status":"NOT_FOUND"}}
[debug] [2025-03-05T20:52:07.100Z] error getting database type:  Request to https://firestore.googleapis.com/v1/projects/express-450719/databases/(default) had HTTP Error: 404, Project 'express-450719' or database '(default)' does not exist. {"name":"FirebaseError","children":[],"context":{"body":{"error":{"code":404,"message":"Project 'express-450719' or database '(default)' does not exist.","status":"NOT_FOUND"}},"response":{"statusCode":404}},"exit":1,"message":"Request to https://firestore.googleapis.com/v1/projects/express-450719/databases/(default) had HTTP Error: 404, Project 'express-450719' or database '(default)' does not exist.","status":404}
[info] (default) does not exist in project express-450719.
[debug] [2025-03-05T20:52:07.101Z] database_type: DATABASE_DOES_NOT_EXIST
